<?xml version="1.0" encoding="UTF-8"?>
<!-- Generated by org.testng.reporters.JUnitXMLReporter -->
<testsuite hostname="HPENVY" name="More Than two Customers Bill Run, Rollback and Rebill" tests="14" failures="1" timestamp="12 Apr 2022 11:40:39 GMT" time="943.551" errors="0">
  <testcase name="Add_First_Customer_and_Service" time="143.64" classname="Marketing_Project.Large_Bill_Run"/>
  <testcase name="Add_Meter" time="31.52" classname="Marketing_Project.Large_Bill_Run"/>
  <testcase name="Add_Meter_Register" time="24.214" classname="Marketing_Project.Large_Bill_Run"/>
  <testcase name="Add_Meter_Reads" time="87.15" classname="Marketing_Project.Large_Bill_Run"/>
  <testcase name="Add_Second_Customer_and_Service" time="102.097" classname="Marketing_Project.Large_Bill_Run"/>
  <testcase name="Add_Metering_Second_Customer" time="138.771" classname="Marketing_Project.Large_Bill_Run"/>
  <testcase name="Add_Third_Customer_and_Service" time="94.109" classname="Marketing_Project.Large_Bill_Run"/>
  <testcase name="Add_Metering_Third_Customer" time="106.067" classname="Marketing_Project.Large_Bill_Run"/>
  <testcase name="Add_BillRun_Cycle" time="43.899" classname="Marketing_Project.Large_Bill_Run"/>
  <testcase name="Bill_Run" time="38.264" classname="Marketing_Project.Large_Bill_Run"/>
  <testcase name="Full_Statement_Rollback" time="24.12" classname="Marketing_Project.Large_Bill_Run"/>
  <testcase name="Single_Customer_Rollback" time="78.362" classname="Marketing_Project.Large_Bill_Run"/>
  <testcase name="Rebill_and_Reuse_Statement" time="25.969" classname="Marketing_Project.Large_Bill_Run"/>
  <testcase name="Rebill_with_new_Statement" time="5.303" classname="Marketing_Project.Large_Bill_Run">
    <failure type="org.openqa.selenium.ElementNotInteractableException" message="element not interactable
  (Session info: chrome=100.0.4896.75)
  (Driver info: chromedriver=99.0.4844.51 (d537ec02474b5afe23684e7963d538896c63ac77-refs/branch-heads/4844@{#875}),platform=Windows NT 6.3.9600 x86_64) (WARNING: The server did not provide any stacktrace information)
Command duration or timeout: 187 milliseconds
Build info: version: &amp;apos;3.0.1&amp;apos;, revision: &amp;apos;1969d75&amp;apos;, time: &amp;apos;2016-10-18 09:49:13 -0700&amp;apos;
System info: host: &amp;apos;HPENVY&amp;apos;, ip: &amp;apos;192.168.1.25&amp;apos;, os.name: &amp;apos;Windows 8.1&amp;apos;, os.arch: &amp;apos;amd64&amp;apos;, os.version: &amp;apos;6.3&amp;apos;, java.version: &amp;apos;1.8.0_291&amp;apos;
Driver info: org.openqa.selenium.chrome.ChromeDriver
Capabilities [{mobileEmulationEnabled=false, timeouts={implicit=0, pageLoad=300000, script=30000}, hasTouchScreen=false, platform=XP, acceptSslCerts=false, goog:chromeOptions={debuggerAddress=localhost:62527}, webauthn:extension:credBlob=true, acceptInsecureCerts=false, webStorageEnabled=true, browserName=chrome, takesScreenshot=true, javascriptEnabled=true, setWindowRect=true, webauthn:extension:largeBlob=true, unexpectedAlertBehaviour=ignore, rotatable=false, networkConnectionEnabled=false, chrome={chromedriverVersion=99.0.4844.51 (d537ec02474b5afe23684e7963d538896c63ac77-refs/branch-heads/4844@{#875}), userDataDir=C:\Users\Tester\AppData\Local\Temp\scoped_dir10224_1580403904}, takesHeapSnapshot=true, pageLoadStrategy=normal, strictFileInteractability=false, databaseEnabled=false, handlesAlerts=true, version=100.0.4896.75, browserConnectionEnabled=false, proxy={}, nativeEvents=true, locationContextEnabled=true, cssSelectorsEnabled=true, webauthn:virtualAuthenticators=true}]
Session ID: e4645dd0ca5b4b33284c1e8367cd0b08">
      <![CDATA[org.openqa.selenium.ElementNotInteractableException: element not interactable
  (Session info: chrome=100.0.4896.75)
  (Driver info: chromedriver=99.0.4844.51 (d537ec02474b5afe23684e7963d538896c63ac77-refs/branch-heads/4844@{#875}),platform=Windows NT 6.3.9600 x86_64) (WARNING: The server did not provide any stacktrace information)
Command duration or timeout: 187 milliseconds
Build info: version: '3.0.1', revision: '1969d75', time: '2016-10-18 09:49:13 -0700'
System info: host: 'HPENVY', ip: '192.168.1.25', os.name: 'Windows 8.1', os.arch: 'amd64', os.version: '6.3', java.version: '1.8.0_291'
Driver info: org.openqa.selenium.chrome.ChromeDriver
Capabilities [{mobileEmulationEnabled=false, timeouts={implicit=0, pageLoad=300000, script=30000}, hasTouchScreen=false, platform=XP, acceptSslCerts=false, goog:chromeOptions={debuggerAddress=localhost:62527}, webauthn:extension:credBlob=true, acceptInsecureCerts=false, webStorageEnabled=true, browserName=chrome, takesScreenshot=true, javascriptEnabled=true, setWindowRect=true, webauthn:extension:largeBlob=true, unexpectedAlertBehaviour=ignore, rotatable=false, networkConnectionEnabled=false, chrome={chromedriverVersion=99.0.4844.51 (d537ec02474b5afe23684e7963d538896c63ac77-refs/branch-heads/4844@{#875}), userDataDir=C:\Users\Tester\AppData\Local\Temp\scoped_dir10224_1580403904}, takesHeapSnapshot=true, pageLoadStrategy=normal, strictFileInteractability=false, databaseEnabled=false, handlesAlerts=true, version=100.0.4896.75, browserConnectionEnabled=false, proxy={}, nativeEvents=true, locationContextEnabled=true, cssSelectorsEnabled=true, webauthn:virtualAuthenticators=true}]
Session ID: e4645dd0ca5b4b33284c1e8367cd0b08
	at org.openqa.selenium.remote.ErrorHandler.createThrowable(ErrorHandler.java:216)
	at org.openqa.selenium.remote.ErrorHandler.throwIfResponseFailed(ErrorHandler.java:168)
	at org.openqa.selenium.remote.RemoteWebDriver.execute(RemoteWebDriver.java:635)
	at org.openqa.selenium.remote.RemoteWebElement.execute(RemoteWebElement.java:274)
	at org.openqa.selenium.remote.RemoteWebElement.sendKeys(RemoteWebElement.java:98)
	at Marketing_Project.Large_Bill_Run.Rebill_with_new_Statement(Large_Bill_Run.java:1638)
... Removed 28 stack frames]]>
    </failure>
  </testcase> <!-- Rebill_with_new_Statement -->
</testsuite> <!-- More Than two Customers Bill Run, Rollback and Rebill -->
